e:\projects\cpp_project\demo_sql\demo_sql\x64\debug\vc142.pdb
e:\projects\cpp_project\demo_sql\demo_sql\x64\debug\vc142.idb
e:\projects\cpp_project\demo_sql\demo_sql\x64\debug\源.obj
e:\projects\cpp_project\demo_sql\demo_sql\x64\debug\sqlcon.obj
e:\repos\a-layfolk\bright-mail\wql\demo_sql\demo_sql\x64\debug\vc142.pdb
e:\repos\a-layfolk\bright-mail\wql\demo_sql\demo_sql\x64\debug\vc142.idb
e:\repos\a-layfolk\bright-mail\wql\demo_sql\demo_sql\x64\debug\源.obj
e:\repos\a-layfolk\bright-mail\wql\demo_sql\demo_sql\x64\debug\sqlcon.obj
e:\projects\cpp_project\demo_sql\x64\debug\demo_sql.exe
e:\projects\cpp_project\demo_sql\x64\debug\demo_sql.ilk
e:\projects\cpp_project\demo_sql\x64\debug\demo_sql.pdb
e:\repos\a-layfolk\bright-mail\wql\demo_sql\x64\debug\demo_sql.exe
e:\repos\a-layfolk\bright-mail\wql\demo_sql\x64\debug\demo_sql.ilk
e:\repos\a-layfolk\bright-mail\wql\demo_sql\x64\debug\demo_sql.pdb
e:\repos\a-layfolk\bright-mail\wql\demo_sql\demo_sql\x64\debug\sqlcon.obj.enc
e:\repos\a-layfolk\bright-mail\wql\demo_sql\demo_sql\x64\debug\源.obj.enc
e:\repos\a-layfolk\bright-mail\wql\demo_sql\demo_sql\x64\debug\demo_sql.tlog\cl.command.1.tlog
e:\repos\a-layfolk\bright-mail\wql\demo_sql\demo_sql\x64\debug\demo_sql.tlog\cl.read.1.tlog
e:\repos\a-layfolk\bright-mail\wql\demo_sql\demo_sql\x64\debug\demo_sql.tlog\cl.write.1.tlog
e:\repos\a-layfolk\bright-mail\wql\demo_sql\demo_sql\x64\debug\demo_sql.tlog\link.command.1.tlog
e:\repos\a-layfolk\bright-mail\wql\demo_sql\demo_sql\x64\debug\demo_sql.tlog\link.read.1.tlog
e:\repos\a-layfolk\bright-mail\wql\demo_sql\demo_sql\x64\debug\demo_sql.tlog\link.write.1.tlog
